"../../../Engine/Content/Functions/Engine_MaterialFunctions01/Opacity/CameraDepthFade.uasset" 0
"../../../Engine/Content/Functions/Engine_MaterialFunctions01/Opacity/CameraDepthFade.uexp" 1
"../../../Engine/Content/EngineMaterials/T_Default_Material_Grid_N.uasset" 2
"../../../Engine/Content/EngineMaterials/T_Default_Material_Grid_N.uexp" 3
"../../../Engine/Content/EngineMaterials/T_Default_Material_Grid_N.ubulk" 4
"../../../Engine/Content/EngineMaterials/T_Default_Material_Grid_M.uasset" 5
"../../../Engine/Content/EngineMaterials/T_Default_Material_Grid_M.uexp" 6
"../../../Engine/Content/EngineMaterials/T_Default_Material_Grid_M.ubulk" 7
"../../../Engine/Content/EngineMaterials/WorldGridMaterial.uasset" 8
"../../../Engine/Content/EngineMaterials/WorldGridMaterial.uexp" 9
"../../../Engine/Content/ArtTools/RenderToTexture/Meshes/S_1_Unit_Plane.uasset" 10
"../../../Engine/Content/ArtTools/RenderToTexture/Meshes/S_1_Unit_Plane.uexp" 11
"../../../Engine/Content/BasicShapes/BasicShapeMaterial.uasset" 12
"../../../Engine/Content/BasicShapes/BasicShapeMaterial.uexp" 13
"../../../Engine/Content/EngineMaterials/DefaultMaterial.uasset" 14
"../../../Engine/Content/EngineMaterials/DefaultMaterial.uexp" 15
"../../../Engine/Content/BasicShapes/Cone.uasset" 16
"../../../Engine/Content/BasicShapes/Cone.uexp" 17
"../../../Engine/Content/BasicShapes/Cube.uasset" 18
"../../../Engine/Content/BasicShapes/Cube.uexp" 19
"../../../Engine/Content/BasicShapes/Plane.uasset" 20
"../../../Engine/Content/BasicShapes/Plane.uexp" 21
"../../../Engine/Content/EditorLandscapeResources/DataLayer.uasset" 22
"../../../Engine/Content/EditorLandscapeResources/DataLayer.uexp" 23
"../../../Engine/Content/EditorLandscapeResources/DefaultAlphaTexture.uasset" 24
"../../../Engine/Content/EditorLandscapeResources/DefaultAlphaTexture.uexp" 25
"../../../Engine/Content/EditorMaterials/MAT_Groups_Toggle.uasset" 26
"../../../Engine/Content/EditorMaterials/MAT_Groups_Toggle.uexp" 27
"../../../Engine/Content/EditorMaterials/MAT_Groups_Visibility.uasset" 28
"../../../Engine/Content/EditorMaterials/MAT_Groups_Visibility.uexp" 29
"../../../Engine/Content/EditorMaterials/PreviewShadowIndicator.uasset" 30
"../../../Engine/Content/EditorMaterials/PreviewShadowIndicator.uexp" 31
"../../../Engine/Content/EditorMaterials/PreviewShadowIndicator.ubulk" 32
"../../../Engine/Content/EditorMaterials/PreviewShadowIndicatorMaterial.uasset" 33
"../../../Engine/Content/EditorMaterials/PreviewShadowIndicatorMaterial.uexp" 34
"../../../Engine/Content/EditorMaterials/MatineeGroups/MAT_ColorTrack.uasset" 35
"../../../Engine/Content/EditorMaterials/MatineeGroups/MAT_ColorTrack.uexp" 36
"../../../Engine/Content/EditorMaterials/MatineeGroups/MAT_Groups_Anim.uasset" 37
"../../../Engine/Content/EditorMaterials/MatineeGroups/MAT_Groups_Anim.uexp" 38
"../../../Engine/Content/EditorMaterials/MatineeGroups/MAT_Groups_AudioMaster.uasset" 39
"../../../Engine/Content/EditorMaterials/MatineeGroups/MAT_Groups_AudioMaster.uexp" 40
"../../../Engine/Content/EditorMaterials/MatineeGroups/MAT_Groups_Director.uasset" 41
"../../../Engine/Content/EditorMaterials/MatineeGroups/MAT_Groups_Director.uexp" 42
"../../../Engine/Content/EditorMaterials/MatineeGroups/MAT_Groups_Event.uasset" 43
"../../../Engine/Content/EditorMaterials/MatineeGroups/MAT_Groups_Event.uexp" 44
"../../../Engine/Content/EditorMaterials/MatineeGroups/MAT_Groups_Fade.uasset" 45
"../../../Engine/Content/EditorMaterials/MatineeGroups/MAT_Groups_Fade.uexp" 46
"../../../Engine/Content/EditorMaterials/MatineeGroups/MAT_Groups_Float.uasset" 47
"../../../Engine/Content/EditorMaterials/MatineeGroups/MAT_Groups_Float.uexp" 48
"../../../Engine/Content/EditorMaterials/MatineeGroups/MAT_Groups_Move.uasset" 49
"../../../Engine/Content/EditorMaterials/MatineeGroups/MAT_Groups_Move.uexp" 50
"../../../Engine/Content/EditorMaterials/MatineeGroups/MAT_Groups_Slomo.uasset" 51
"../../../Engine/Content/EditorMaterials/MatineeGroups/MAT_Groups_Slomo.uexp" 52
"../../../Engine/Content/EditorMaterials/MatineeGroups/MAT_Groups_Sound.uasset" 53
"../../../Engine/Content/EditorMaterials/MatineeGroups/MAT_Groups_Sound.uexp" 54
"../../../Engine/Content/EditorMaterials/MatineeGroups/MAT_Groups_Vector.uasset" 55
"../../../Engine/Content/EditorMaterials/MatineeGroups/MAT_Groups_Vector.uexp" 56
"../../../Engine/Content/EditorMaterials/ParticleSystems/PSysThumbnail_NoImage.uasset" 57
"../../../Engine/Content/EditorMaterials/ParticleSystems/PSysThumbnail_NoImage.uexp" 58
"../../../Engine/Content/EditorMaterials/ParticleSystems/PSysThumbnail_NoImage.ubulk" 59
"../../../Engine/Content/EditorMaterials/ParticleSystems/PSysThumbnail_OOD.uasset" 60
"../../../Engine/Content/EditorMaterials/ParticleSystems/PSysThumbnail_OOD.uexp" 61
"../../../Engine/Content/EditorMaterials/ParticleSystems/PSysThumbnail_OOD.ubulk" 62
"../../../Engine/Content/EditorMaterials/Camera/CineMat.uasset" 63
"../../../Engine/Content/EditorMaterials/Camera/CineMat.uexp" 64
"../../../Engine/Content/EditorMaterials/Camera/MI_CineMat_Rig.uasset" 65
"../../../Engine/Content/EditorMaterials/Camera/MI_CineMat_Rig.uexp" 66
"../../../Engine/Content/EditorMeshes/Camera/SM_CraneRig_Arm.uasset" 67
"../../../Engine/Content/EditorMeshes/Camera/SM_CraneRig_Arm.uexp" 68
"../../../Engine/Content/EditorMeshes/Camera/SM_CraneRig_Base.uasset" 69
"../../../Engine/Content/EditorMeshes/Camera/SM_CraneRig_Base.uexp" 70
"../../../Engine/Content/EditorMeshes/Camera/SM_CraneRig_Body.uasset" 71
"../../../Engine/Content/EditorMeshes/Camera/SM_CraneRig_Body.uexp" 72
"../../../Engine/Content/EditorMeshes/Camera/SM_CraneRig_Mount.uasset" 73
"../../../Engine/Content/EditorMeshes/Camera/SM_CraneRig_Mount.uexp" 74
"../../../Engine/Content/EditorMeshes/Camera/SM_RailRig_Mount.uasset" 75
"../../../Engine/Content/EditorMeshes/Camera/SM_RailRig_Mount.uexp" 76
"../../../Engine/Content/EditorMeshes/Camera/SM_RailRig_Track.uasset" 77
"../../../Engine/Content/EditorMeshes/Camera/SM_RailRig_Track.uexp" 78
"../../../Engine/Content/EditorResources/BSPVertex.uasset" 79
"../../../Engine/Content/EditorResources/BSPVertex.uexp" 80
"../../../Engine/Content/EditorResources/EmptyActor.uasset" 81
"../../../Engine/Content/EditorResources/EmptyActor.uexp" 82
"../../../Engine/Content/EditorResources/S_Actor.uasset" 83
"../../../Engine/Content/EditorResources/S_Actor.uexp" 84
"../../../Engine/Content/EditorResources/S_Actor.ubulk" 85
"../../../Engine/Content/EditorResources/S_Note.uasset" 86
"../../../Engine/Content/EditorResources/S_Note.uexp" 87
"../../../Engine/Content/EditorResources/S_Note.ubulk" 88
"../../../Engine/Content/EditorResources/S_Solver.uasset" 89
"../../../Engine/Content/EditorResources/S_Solver.uexp" 90
"../../../Engine/Content/EditorResources/S_Solver.ubulk" 91
"../../../Engine/Content/EditorResources/S_Terrain.uasset" 92
"../../../Engine/Content/EditorResources/S_Terrain.uexp" 93
"../../../Engine/Content/EditorResources/S_Terrain.ubulk" 94
"../../../Engine/Content/EditorResources/S_Trigger.uasset" 95
"../../../Engine/Content/EditorResources/S_Trigger.uexp" 96
"../../../Engine/Content/EditorResources/S_Trigger.ubulk" 97
"../../../Engine/Content/EditorResources/LightIcons/S_LightError.uasset" 98
"../../../Engine/Content/EditorResources/LightIcons/S_LightError.uexp" 99
"../../../Engine/Content/EditorResources/SequenceRecorder/Countdown.uasset" 100
"../../../Engine/Content/EditorResources/SequenceRecorder/Countdown.uexp" 101
"../../../Engine/Content/EditorResources/SequenceRecorder/RecordingIndicator.uasset" 102
"../../../Engine/Content/EditorResources/SequenceRecorder/RecordingIndicator.uexp" 103
"../../../Engine/Content/EngineDamageTypes/DmgTypeBP_Environmental.uasset" 104
"../../../Engine/Content/EngineDamageTypes/DmgTypeBP_Environmental.uexp" 105
"../../../Engine/Content/EngineDebugMaterials/DebugEditorMaterial.uasset" 106
"../../../Engine/Content/EngineDebugMaterials/DebugEditorMaterial.uexp" 107
"../../../Engine/Content/EngineDebugMaterials/DebugMeshMaterial.uasset" 108
"../../../Engine/Content/EngineDebugMaterials/DebugMeshMaterial.uexp" 109
"../../../Engine/Content/EngineDebugMaterials/M_SimpleUnlitTranslucent.uasset" 110
"../../../Engine/Content/EngineDebugMaterials/M_SimpleUnlitTranslucent.uexp" 111
"../../../Engine/Content/EngineDebugMaterials/VolumeToRender.uasset" 112
"../../../Engine/Content/EngineDebugMaterials/VolumeToRender.uexp" 113
"../../../Engine/Content/Functions/Engine_MaterialFunctions02/Utility/CameraDirectionVector.uasset" 114
"../../../Engine/Content/Functions/Engine_MaterialFunctions02/Utility/CameraDirectionVector.uexp" 115
"../../../Engine/Content/EngineDebugMaterials/M_VolumeRenderSphereTracePP.uasset" 116
"../../../Engine/Content/EngineDebugMaterials/M_VolumeRenderSphereTracePP.uexp" 117
"../../../Engine/Content/Functions/Engine_MaterialFunctions01/Shading/ConvertFromDiffSpec.uasset" 118
"../../../Engine/Content/Functions/Engine_MaterialFunctions01/Shading/ConvertFromDiffSpec.uexp" 119
"../../../Engine/Content/EngineDebugMaterials/VertexColorMaterial.uasset" 120
"../../../Engine/Content/EngineDebugMaterials/VertexColorMaterial.uexp" 121
"../../../Engine/Content/EngineDebugMaterials/WireframeMaterial.uasset" 122
"../../../Engine/Content/EngineDebugMaterials/WireframeMaterial.uexp" 123
"../../../Engine/Content/EngineFonts/Faces/RobotoRegular.uasset" 124
"../../../Engine/Content/EngineFonts/Faces/RobotoRegular.uexp" 125
"../../../Engine/Content/EngineFonts/Faces/RobotoRegular.ufont" 126
"../../../Engine/Content/EngineFonts/Faces/RobotoLight.uasset" 127
"../../../Engine/Content/EngineFonts/Faces/RobotoLight.uexp" 128
"../../../Engine/Content/EngineFonts/Faces/RobotoLight.ufont" 129
"../../../Engine/Content/EngineFonts/Faces/RobotoItalic.uasset" 130
"../../../Engine/Content/EngineFonts/Faces/RobotoItalic.uexp" 131
"../../../Engine/Content/EngineFonts/Faces/RobotoItalic.ufont" 132
"../../../Engine/Content/EngineFonts/Faces/RobotoBoldItalic.uasset" 133
"../../../Engine/Content/EngineFonts/Faces/RobotoBoldItalic.uexp" 134
"../../../Engine/Content/EngineFonts/Faces/RobotoBoldItalic.ufont" 135
"../../../Engine/Content/EngineFonts/Faces/RobotoBold.uasset" 136
"../../../Engine/Content/EngineFonts/Faces/RobotoBold.uexp" 137
"../../../Engine/Content/EngineFonts/Faces/RobotoBold.ufont" 138
"../../../Engine/Content/EngineFonts/Faces/DroidSansFallback.uasset" 139
"../../../Engine/Content/EngineFonts/Faces/DroidSansFallback.uexp" 140
"../../../Engine/Content/EngineFonts/Faces/DroidSansFallback.ufont" 141
"../../../Engine/Content/EngineFonts/Roboto.uasset" 142
"../../../Engine/Content/EngineFonts/Roboto.uexp" 143
"../../../Engine/Content/EngineMaterials/BaseFlattenNormalMap.uasset" 144
"../../../Engine/Content/EngineMaterials/BaseFlattenNormalMap.uexp" 145
"../../../Engine/Content/EngineMaterials/BaseFlattenGrayscaleMap.uasset" 146
"../../../Engine/Content/EngineMaterials/BaseFlattenGrayscaleMap.uexp" 147
"../../../Engine/Content/EngineMaterials/BaseFlattenEmissiveMap.uasset" 148
"../../../Engine/Content/EngineMaterials/BaseFlattenEmissiveMap.uexp" 149
"../../../Engine/Content/EngineMaterials/BaseFlattenDiffuseMap.uasset" 150
"../../../Engine/Content/EngineMaterials/BaseFlattenDiffuseMap.uexp" 151
"../../../Engine/Content/EngineMaterials/BaseFlattenMaterial.uasset" 152
"../../../Engine/Content/EngineMaterials/BaseFlattenMaterial.uexp" 153
"../../../Engine/Content/EngineMaterials/BlueNoise.uasset" 154
"../../../Engine/Content/EngineMaterials/BlueNoise.uexp" 155
"../../../Engine/Content/EngineMaterials/DefaultBloomKernel.uasset" 156
"../../../Engine/Content/EngineMaterials/DefaultBloomKernel.uexp" 157
"../../../Engine/Content/EngineMaterials/DefaultBokeh.uasset" 158
"../../../Engine/Content/EngineMaterials/DefaultBokeh.uexp" 159
"../../../Engine/Content/EngineMaterials/DefaultDiffuse.uasset" 160
"../../../Engine/Content/EngineMaterials/DefaultDiffuse.uexp" 161
"../../../Engine/Content/EngineMaterials/DefaultDiffuse.ubulk" 162
"../../../Engine/Content/EngineMaterials/DefaultDeferredDecalMaterial.uasset" 163
"../../../Engine/Content/EngineMaterials/DefaultDeferredDecalMaterial.uexp" 164
"../../../Engine/Content/EngineMaterials/DefaultLightFunctionMaterial.uasset" 165
"../../../Engine/Content/EngineMaterials/DefaultLightFunctionMaterial.uexp" 166
"../../../Engine/Content/EngineMaterials/DefaultPhysicalMaterial.uasset" 167
"../../../Engine/Content/EngineMaterials/DefaultPhysicalMaterial.uexp" 168
"../../../Engine/Content/Functions/Engine_MaterialFunctions02/Utility/BreakOutFloat2Components.uasset" 169
"../../../Engine/Content/Functions/Engine_MaterialFunctions02/Utility/BreakOutFloat2Components.uexp" 170
"../../../Engine/Content/EngineMaterials/DefaultPostProcessMaterial.uasset" 171
"../../../Engine/Content/EngineMaterials/DefaultPostProcessMaterial.uexp" 172
"../../../Engine/Content/EngineFonts/RobotoDistanceField.uasset" 173
"../../../Engine/Content/EngineFonts/RobotoDistanceField.uexp" 174
"../../../Engine/Content/EngineMaterials/DefaultTextMaterialOpaque.uasset" 175
"../../../Engine/Content/EngineMaterials/DefaultTextMaterialOpaque.uexp" 176
"../../../Engine/Content/EngineMaterials/DefaultWhiteGrid.uasset" 177
"../../../Engine/Content/EngineMaterials/DefaultWhiteGrid.uexp" 178
"../../../Engine/Content/EngineMaterials/DefaultWhiteGrid.ubulk" 179
"../../../Engine/Content/EngineMaterials/DefaultWhiteGrid_Low.uasset" 180
"../../../Engine/Content/EngineMaterials/DefaultWhiteGrid_Low.uexp" 181
"../../../Engine/Content/EngineMaterials/EmissiveMeshMaterial.uasset" 182
"../../../Engine/Content/EngineMaterials/EmissiveMeshMaterial.uexp" 183
"../../../Engine/Content/EngineMaterials/GizmoMaterial.uasset" 184
"../../../Engine/Content/EngineMaterials/GizmoMaterial.uexp" 185
"../../../Engine/Content/EngineMaterials/Good64x64TilingNoiseHighFreq.uasset" 186
"../../../Engine/Content/EngineMaterials/Good64x64TilingNoiseHighFreq.uexp" 187
"../../../Engine/Content/EngineMaterials/InvalidLightmapSettings.uasset" 188
"../../../Engine/Content/EngineMaterials/InvalidLightmapSettings.uexp" 189
"../../../Engine/Content/EngineMaterials/InvalidLightmapSettings.ubulk" 190
"../../../Engine/Content/EngineMaterials/M_InvalidLightmapSettings.uasset" 191
"../../../Engine/Content/EngineMaterials/M_InvalidLightmapSettings.uexp" 192
"../../../Engine/Content/EngineMaterials/MiniFont.uasset" 193
"../../../Engine/Content/EngineMaterials/MiniFont.uexp" 194
"../../../Engine/Content/Functions/Engine_MaterialFunctions02/WorldPositionOffset/CameraOffset.uasset" 195
"../../../Engine/Content/Functions/Engine_MaterialFunctions02/WorldPositionOffset/CameraOffset.uexp" 196
"../../../Engine/Content/EngineMaterials/PhAT_JointLimitMaterial.uasset" 197
"../../../Engine/Content/EngineMaterials/PhAT_JointLimitMaterial.uexp" 198
"../../../Engine/Content/EngineMaterials/DefaultCalibrationColor.uasset" 199
"../../../Engine/Content/EngineMaterials/DefaultCalibrationColor.uexp" 200
"../../../Engine/Content/EngineMaterials/PPM_DefaultCalibrationColor.uasset" 201
"../../../Engine/Content/EngineMaterials/PPM_DefaultCalibrationColor.uexp" 202
"../../../Engine/Content/EngineMaterials/DefaultCalibrationGrayscale.uasset" 203
"../../../Engine/Content/EngineMaterials/DefaultCalibrationGrayscale.uexp" 204
"../../../Engine/Content/EngineMaterials/PPM_DefaultCalibrationGrayscale.uasset" 205
"../../../Engine/Content/EngineMaterials/PPM_DefaultCalibrationGrayscale.uexp" 206
"../../../Engine/Content/EngineMaterials/PreintegratedSkinBRDF.uasset" 207
"../../../Engine/Content/EngineMaterials/PreintegratedSkinBRDF.uexp" 208
"../../../Engine/Content/EngineMaterials/RemoveSurfaceMaterial.uasset" 209
"../../../Engine/Content/EngineMaterials/RemoveSurfaceMaterial.uexp" 210
"../../../Engine/Content/EngineMaterials/WeightMapPlaceholderTexture.uasset" 211
"../../../Engine/Content/EngineMaterials/WeightMapPlaceholderTexture.uexp" 212
"../../../Engine/Content/EngineResources/WhiteSquareTexture.uasset" 213
"../../../Engine/Content/EngineResources/WhiteSquareTexture.uexp" 214
"../../../Engine/Content/EngineMaterials/Widget3DPassThrough.uasset" 215
"../../../Engine/Content/EngineMaterials/Widget3DPassThrough.uexp" 216
"../../../Engine/Content/EngineMaterials/Widget3DPassThrough_Masked.uasset" 217
"../../../Engine/Content/EngineMaterials/Widget3DPassThrough_Masked.uexp" 218
"../../../Engine/Content/EngineMaterials/Widget3DPassThrough_Opaque.uasset" 219
"../../../Engine/Content/EngineMaterials/Widget3DPassThrough_Opaque.uexp" 220
"../../../Engine/Content/EngineMaterials/Widget3DPassThrough_Masked_OneSided.uasset" 221
"../../../Engine/Content/EngineMaterials/Widget3DPassThrough_Masked_OneSided.uexp" 222
"../../../Engine/Content/EngineMaterials/Widget3DPassThrough_Opaque_OneSided.uasset" 223
"../../../Engine/Content/EngineMaterials/Widget3DPassThrough_Opaque_OneSided.uexp" 224
"../../../Engine/Content/EngineMaterials/Widget3DPassThrough_Translucent.uasset" 225
"../../../Engine/Content/EngineMaterials/Widget3DPassThrough_Translucent.uexp" 226
"../../../Engine/Content/EngineMaterials/Widget3DPassThrough_Translucent_OneSided.uasset" 227
"../../../Engine/Content/EngineMaterials/Widget3DPassThrough_Translucent_OneSided.uexp" 228
"../../../Engine/Content/EngineMeshes/Cylinder.uasset" 229
"../../../Engine/Content/EngineMeshes/Cylinder.uexp" 230
"../../../Engine/Content/EngineMeshes/Sphere.uasset" 231
"../../../Engine/Content/EngineMeshes/Sphere.uexp" 232
"../../../Engine/Content/EngineResources/Black.uasset" 233
"../../../Engine/Content/EngineResources/Black.uexp" 234
"../../../Engine/Content/EngineResources/DefaultTexture.uasset" 235
"../../../Engine/Content/EngineResources/DefaultTexture.uexp" 236
"../../../Engine/Content/EngineResources/DefaultTexture.ubulk" 237
"../../../Engine/Content/EngineResources/DefaultTextureCube.uasset" 238
"../../../Engine/Content/EngineResources/DefaultTextureCube.uexp" 239
"../../../Engine/Content/EngineResources/DefaultVolumeTexture2D.uasset" 240
"../../../Engine/Content/EngineResources/DefaultVolumeTexture2D.uexp" 241
"../../../Engine/Content/EngineResources/DefaultVolumeTexture.uasset" 242
"../../../Engine/Content/EngineResources/DefaultVolumeTexture.uexp" 243
"../../../Engine/Content/EngineResources/GradientTexture0.uasset" 244
"../../../Engine/Content/EngineResources/GradientTexture0.uexp" 245
"../../../Engine/Content/EngineSky/VolumetricClouds/T_NoiseShape64.uasset" 246
"../../../Engine/Content/EngineSky/VolumetricClouds/T_NoiseShape64.uexp" 247
"../../../Engine/Content/EngineSky/VolumetricClouds/T_NoiseShape64.ubulk" 248
"../../../Engine/Content/EngineSky/VolumetricClouds/T_VolumeNoiseShape64.uasset" 249
"../../../Engine/Content/EngineSky/VolumetricClouds/T_VolumeNoiseShape64.uexp" 250
"../../../Engine/Content/EngineSky/VolumetricClouds/T_NoiseErosion.uasset" 251
"../../../Engine/Content/EngineSky/VolumetricClouds/T_NoiseErosion.uexp" 252
"../../../Engine/Content/EngineSky/VolumetricClouds/T_NoiseErosion.ubulk" 253
"../../../Engine/Content/EngineSky/VolumetricClouds/T_VolumeNoiseErosion32.uasset" 254
"../../../Engine/Content/EngineSky/VolumetricClouds/T_VolumeNoiseErosion32.uexp" 255
"../../../Engine/Content/EngineSky/VolumetricClouds/CloudWeatherTexture.uasset" 256
"../../../Engine/Content/EngineSky/VolumetricClouds/CloudWeatherTexture.uexp" 257
"../../../Engine/Content/EngineSky/VolumetricClouds/CloudGradientTexture.uasset" 258
"../../../Engine/Content/EngineSky/VolumetricClouds/CloudGradientTexture.uexp" 259
"../../../Engine/Content/Functions/Engine_MaterialFunctions02/Utility/MakeFloat2.uasset" 260
"../../../Engine/Content/Functions/Engine_MaterialFunctions02/Utility/MakeFloat2.uexp" 261
"../../../Engine/Content/EngineSky/VolumetricClouds/m_SimpleVolumetricCloud.uasset" 262
"../../../Engine/Content/EngineSky/VolumetricClouds/m_SimpleVolumetricCloud.uexp" 263
"../../../Engine/Content/EngineSky/VolumetricClouds/m_SimpleVolumetricCloud_Inst.uasset" 264
"../../../Engine/Content/EngineSky/VolumetricClouds/m_SimpleVolumetricCloud_Inst.uexp" 265
"../../../Engine/Content/EngineSounds/Master.uasset" 266
"../../../Engine/Content/EngineSounds/Master.uexp" 267
"../../../Engine/Content/Functions/Engine_MaterialFunctions01/Shading/PowerToRoughness.uasset" 268
"../../../Engine/Content/Functions/Engine_MaterialFunctions01/Shading/PowerToRoughness.uexp" 269
"../../../Engine/Content/Maps/Templates/Thumbnails/Default.uasset" 270
"../../../Engine/Content/Maps/Templates/Thumbnails/Default.uexp" 271
"../../../Engine/Content/Maps/Templates/Thumbnails/TimeOfDay.uasset" 272
"../../../Engine/Content/Maps/Templates/Thumbnails/TimeOfDay.uexp" 273
"../../../Engine/Content/Maps/Templates/Thumbnails/VR-Basic.uasset" 274
"../../../Engine/Content/Maps/Templates/Thumbnails/VR-Basic.uexp" 275
"../../../Engine/Content/MobileResources/T_MobileControls_texture.uasset" 276
"../../../Engine/Content/MobileResources/T_MobileControls_texture.uexp" 277
"../../../Engine/Content/MobileResources/T_MobileMenu2.uasset" 278
"../../../Engine/Content/MobileResources/T_MobileMenu2.uexp" 279
"../../../Engine/Content/MobileResources/HUD/AnalogHat.uasset" 280
"../../../Engine/Content/MobileResources/HUD/AnalogHat.uexp" 281
"../../../Engine/Content/MobileResources/HUD/VirtualJoystick_Thumb.uasset" 282
"../../../Engine/Content/MobileResources/HUD/VirtualJoystick_Thumb.uexp" 283
"../../../Engine/Content/MobileResources/HUD/VirtualJoystick_Background.uasset" 284
"../../../Engine/Content/MobileResources/HUD/VirtualJoystick_Background.uexp" 285
"../../../Engine/Content/MobileResources/HUD/DefaultVirtualJoysticks.uasset" 286
"../../../Engine/Content/MobileResources/HUD/DefaultVirtualJoysticks.uexp" 287
"../../../Engine/Content/MobileResources/HUD/LeftVirtualJoystickOnly.uasset" 288
"../../../Engine/Content/MobileResources/HUD/LeftVirtualJoystickOnly.uexp" 289
"../../../Engine/Content/MobileResources/HUD/MobileHUDButton1_off.uasset" 290
"../../../Engine/Content/MobileResources/HUD/MobileHUDButton1_off.uexp" 291
"../../../Engine/Content/MobileResources/HUD/MobileHUDButton1_on.uasset" 292
"../../../Engine/Content/MobileResources/HUD/MobileHUDButton1_on.uexp" 293
"../../../Engine/Content/MobileResources/HUD/MobileHUDButton2_off.uasset" 294
"../../../Engine/Content/MobileResources/HUD/MobileHUDButton2_off.uexp" 295
"../../../Engine/Content/MobileResources/HUD/MobileHUDButton2_on.uasset" 296
"../../../Engine/Content/MobileResources/HUD/MobileHUDButton2_on.uexp" 297
"../../../Engine/Content/MobileResources/HUD/MobileHUDButton3.uasset" 298
"../../../Engine/Content/MobileResources/HUD/MobileHUDButton3.uexp" 299
"../../../Engine/Content/MobileResources/HUD/MobileHUDButtonFire.uasset" 300
"../../../Engine/Content/MobileResources/HUD/MobileHUDButtonFire.uexp" 301
"../../../Engine/Content/MobileResources/HUD/MobileHUDDirectionPad.uasset" 302
"../../../Engine/Content/MobileResources/HUD/MobileHUDDirectionPad.uexp" 303
"../../../Engine/Content/MobileResources/HUD/MobileHUDDirectionPad2.uasset" 304
"../../../Engine/Content/MobileResources/HUD/MobileHUDDirectionPad2.uexp" 305
"../../../Engine/Content/MobileResources/HUD/MobileHUDDirectionPad3.uasset" 306
"../../../Engine/Content/MobileResources/HUD/MobileHUDDirectionPad3.uexp" 307
"../../../Engine/Content/MobileResources/HUD/MobileHUDDirectionStick.uasset" 308
"../../../Engine/Content/MobileResources/HUD/MobileHUDDirectionStick.uexp" 309
"../../../Engine/Content/MobileResources/HUD/T_Castle_ThumbstickInner.uasset" 310
"../../../Engine/Content/MobileResources/HUD/T_Castle_ThumbstickInner.uexp" 311
"../../../Engine/Content/MobileResources/HUD/T_Castle_ThumbstickOutter.uasset" 312
"../../../Engine/Content/MobileResources/HUD/T_Castle_ThumbstickOutter.uexp" 313
"../../../Engine/Content/Tutorial/ContentIntroCurve.uasset" 314
"../../../Engine/Content/Tutorial/ContentIntroCurve.uexp" 315
"../../../Engine/Content/VREditor/TransformGizmo/TranslucentTransformGizmoMaterial.uasset" 316
"../../../Engine/Content/VREditor/TransformGizmo/TranslucentTransformGizmoMaterial.uexp" 317
"../../../Engine/Content/VREditor/LaserPointer/VR_LaserPower_01.uasset" 318
"../../../Engine/Content/VREditor/LaserPointer/VR_LaserPower_01.uexp" 319
"../../../Engine/Content/VREditor/LaserPointer/VR_LaserPower_01.ubulk" 320
"../../../Engine/Content/VREditor/TransformGizmo/TransformGizmoMaterial.uasset" 321
"../../../Engine/Content/VREditor/TransformGizmo/TransformGizmoMaterial.uexp" 322
"../../../Engine/Content/VREditor/TransformGizmo/BoundingBoxCorner.uasset" 323
"../../../Engine/Content/VREditor/TransformGizmo/BoundingBoxCorner.uexp" 324
"../../../Engine/Content/VREditor/TransformGizmo/BoundingBoxEdge.uasset" 325
"../../../Engine/Content/VREditor/TransformGizmo/BoundingBoxEdge.uexp" 326
"../../../Engine/Content/VREditor/TransformGizmo/PlaneTranslationHandle.uasset" 327
"../../../Engine/Content/VREditor/TransformGizmo/PlaneTranslationHandle.uexp" 328
"../../../Engine/Content/VREditor/TransformGizmo/Xray.uasset" 329
"../../../Engine/Content/VREditor/TransformGizmo/Xray.uexp" 330
"../../../Engine/Content/VREditor/TransformGizmo/Main.uasset" 331
"../../../Engine/Content/VREditor/TransformGizmo/Main.uexp" 332
"../../../Engine/Content/VREditor/TransformGizmo/SM_Sequencer_Key.uasset" 333
"../../../Engine/Content/VREditor/TransformGizmo/SM_Sequencer_Key.uexp" 334
"../../../Engine/Content/VREditor/TransformGizmo/SM_Sequencer_Node.uasset" 335
"../../../Engine/Content/VREditor/TransformGizmo/SM_Sequencer_Node.uexp" 336
"../../../Engine/Content/Functions/Engine_MaterialFunctions02/Utility/BreakOutFloat3Components.uasset" 337
"../../../Engine/Content/Functions/Engine_MaterialFunctions02/Utility/BreakOutFloat3Components.uexp" 338
"../../../Engine/Plugins/Editor/SpeedTreeImporter/Content/SpeedTree9/UnpackInteger3.uasset" 339
"../../../Engine/Plugins/Editor/SpeedTreeImporter/Content/SpeedTree9/UnpackInteger3.uexp" 340
"../../../Engine/Plugins/Editor/SpeedTreeImporter/Content/SpeedTree9/UnpackDirection.uasset" 341
"../../../Engine/Plugins/Editor/SpeedTreeImporter/Content/SpeedTree9/UnpackDirection.uexp" 342
"../../../Engine/Plugins/Editor/SpeedTreeImporter/Content/SpeedTree9/game_wind_noise.uasset" 343
"../../../Engine/Plugins/Editor/SpeedTreeImporter/Content/SpeedTree9/game_wind_noise.uexp" 344
"../../../Engine/Plugins/Editor/SpeedTreeImporter/Content/SpeedTree9/game_wind_noise.ubulk" 345
"../../../Engine/Content/Functions/Engine_MaterialFunctions02/SafeNormalize.uasset" 346
"../../../Engine/Content/Functions/Engine_MaterialFunctions02/SafeNormalize.uexp" 347
"../../../Engine/Plugins/Editor/SpeedTreeImporter/Content/SpeedTree9/SpeedTreeWindMotion.uasset" 348
"../../../Engine/Plugins/Editor/SpeedTreeImporter/Content/SpeedTree9/SpeedTreeWindMotion.uexp" 349
"../../../Engine/Plugins/Editor/SpeedTreeImporter/Content/SpeedTree9/SpeedTreeBranchMotion.uasset" 350
"../../../Engine/Plugins/Editor/SpeedTreeImporter/Content/SpeedTree9/SpeedTreeBranchMotion.uexp" 351
"../../../Engine/Content/Functions/Engine_MaterialFunctions02/ObjectLocalBounds.uasset" 352
"../../../Engine/Content/Functions/Engine_MaterialFunctions02/ObjectLocalBounds.uexp" 353
"../../../Engine/Content/Functions/Engine_MaterialFunctions02/UVs/BoundingBoxBased_0-1_UVW.uasset" 354
"../../../Engine/Content/Functions/Engine_MaterialFunctions02/UVs/BoundingBoxBased_0-1_UVW.uexp" 355
"../../../Engine/Content/Functions/Engine_MaterialFunctions02/Utility/VectorLength.uasset" 356
"../../../Engine/Content/Functions/Engine_MaterialFunctions02/Utility/VectorLength.uexp" 357
"../../../Engine/Content/Functions/Engine_MaterialFunctions02/WorldPositionOffset/ObjectScale.uasset" 358
"../../../Engine/Content/Functions/Engine_MaterialFunctions02/WorldPositionOffset/ObjectScale.uexp" 359
"../../../Engine/Plugins/Editor/SpeedTreeImporter/Content/SpeedTree9/SpeedTreeWind.uasset" 360
"../../../Engine/Plugins/Editor/SpeedTreeImporter/Content/SpeedTree9/SpeedTreeWind.uexp" 361
"../../../Engine/Plugins/Editor/SpeedTreeImporter/Content/SpeedTree9/SpeedTreeBillboard.uasset" 362
"../../../Engine/Plugins/Editor/SpeedTreeImporter/Content/SpeedTree9/SpeedTreeBillboard.uexp" 363
"../../../Engine/Plugins/Editor/SpeedTreeImporter/Content/SpeedTree9/EmptyNormal.uasset" 364
"../../../Engine/Plugins/Editor/SpeedTreeImporter/Content/SpeedTree9/EmptyNormal.uexp" 365
"../../../Engine/Plugins/Editor/SpeedTreeImporter/Content/SpeedTree9/Empty.uasset" 366
"../../../Engine/Plugins/Editor/SpeedTreeImporter/Content/SpeedTree9/Empty.uexp" 367
"../../../Engine/Plugins/Editor/SpeedTreeImporter/Content/SpeedTree9/SpeedTreeBillboardMaster.uasset" 368
"../../../Engine/Plugins/Editor/SpeedTreeImporter/Content/SpeedTree9/SpeedTreeBillboardMaster.uexp" 369
"../../../Engine/Plugins/Editor/SpeedTreeImporter/Content/SpeedTree9/SpeedTreeCameraFacing.uasset" 370
"../../../Engine/Plugins/Editor/SpeedTreeImporter/Content/SpeedTree9/SpeedTreeCameraFacing.uexp" 371
"../../../Engine/Plugins/Editor/SpeedTreeImporter/Content/SpeedTree9/SpeedTreeMaster.uasset" 372
"../../../Engine/Plugins/Editor/SpeedTreeImporter/Content/SpeedTree9/SpeedTreeMaster.uexp" 373
"../../../Engine/Plugins/2D/Paper2D/Content/PlaceholderTextures/DummySpriteTexture.uasset" 374
"../../../Engine/Plugins/2D/Paper2D/Content/PlaceholderTextures/DummySpriteTexture.uexp" 375
"../../../Engine/Plugins/2D/Paper2D/Content/PlaceholderTextures/DummySpriteTexture.ubulk" 376
"../../../Engine/Plugins/2D/Paper2D/Content/DummySprite.uasset" 377
"../../../Engine/Plugins/2D/Paper2D/Content/DummySprite.uexp" 378
"../../../Engine/Plugins/2D/Paper2D/Content/DefaultPaperTerrainMaterial.uasset" 379
"../../../Engine/Plugins/2D/Paper2D/Content/DefaultPaperTerrainMaterial.uexp" 380
"../../../Engine/Plugins/2D/Paper2D/Content/DefaultSpriteMaterial.uasset" 381
"../../../Engine/Plugins/2D/Paper2D/Content/DefaultSpriteMaterial.uexp" 382
"../../../Engine/Plugins/2D/Paper2D/Content/MaskedUnlitSpriteMaterial.uasset" 383
"../../../Engine/Plugins/2D/Paper2D/Content/MaskedUnlitSpriteMaterial.uexp" 384
"../../../Engine/Plugins/2D/Paper2D/Content/OpaqueUnlitSpriteMaterial.uasset" 385
"../../../Engine/Plugins/2D/Paper2D/Content/OpaqueUnlitSpriteMaterial.uexp" 386
"../../../Engine/Content/BasicShapes/Cylinder.uasset" 387
"../../../Engine/Content/BasicShapes/Cylinder.uexp" 388
"../../../Engine/Content/ArtTools/RenderToTexture/Materials/Debug/M_Emissive_Color.uasset" 389
"../../../Engine/Content/ArtTools/RenderToTexture/Materials/Debug/M_Emissive_Color.uexp" 390
"../../../Engine/Content/MapTemplates/SM_Template_Map_Floor.uasset" 391
"../../../Engine/Content/MapTemplates/SM_Template_Map_Floor.uexp" 392
"../../../Engine/Content/BasicShapes/Sphere.uasset" 393
"../../../Engine/Content/BasicShapes/Sphere.uexp" 394
"../../../Engine/Content/MapTemplates/TilingNoise05.uasset" 395
"../../../Engine/Content/MapTemplates/TilingNoise05.uexp" 396
"../../../Engine/Content/MapTemplates/TilingNoise05.ubulk" 397
"../../../Engine/Content/Functions/Engine_MaterialFunctions02/SplitComponents.uasset" 398
"../../../Engine/Content/Functions/Engine_MaterialFunctions02/SplitComponents.uexp" 399
"../../../Engine/Content/EngineSky/M_SkyTimeOfDay.uasset" 400
"../../../Engine/Content/EngineSky/M_SkyTimeOfDay.uexp" 401
"/Users/Sankeeth/Documents/Unreal Projects/TreasureHunter/Content/FirstPersonBP/Maps/LeveTwo.uexp" 402
"/Users/Sankeeth/Documents/Unreal Projects/TreasureHunter/Content/FirstPersonBP/Maps/LeveTwo.umap" 403
"/Users/Sankeeth/Documents/Unreal Projects/TreasureHunter/Content/FPWeapon/Mesh/SK_FPGun_PhysicsAsset.uasset" 404
"/Users/Sankeeth/Documents/Unreal Projects/TreasureHunter/Content/FPWeapon/Mesh/SK_FPGun_PhysicsAsset.uexp" 405
"/Users/Sankeeth/Documents/Unreal Projects/TreasureHunter/Content/FPWeapon/Materials/MaterialLayers/T_ML_Rubber_Blue_01_N.uasset" 406
"/Users/Sankeeth/Documents/Unreal Projects/TreasureHunter/Content/FPWeapon/Materials/MaterialLayers/T_ML_Rubber_Blue_01_N.uexp" 407
"/Users/Sankeeth/Documents/Unreal Projects/TreasureHunter/Content/FPWeapon/Materials/MaterialLayers/T_ML_Rubber_Blue_01_N.ubulk" 408
"/Users/Sankeeth/Documents/Unreal Projects/TreasureHunter/Content/FPWeapon/Materials/MaterialLayers/T_ML_Rubber_Blue_01_D.uasset" 409
"/Users/Sankeeth/Documents/Unreal Projects/TreasureHunter/Content/FPWeapon/Materials/MaterialLayers/T_ML_Rubber_Blue_01_D.uexp" 410
"/Users/Sankeeth/Documents/Unreal Projects/TreasureHunter/Content/FPWeapon/Materials/MaterialLayers/T_ML_Rubber_Blue_01_D.ubulk" 411
"/Users/Sankeeth/Documents/Unreal Projects/TreasureHunter/Content/FPWeapon/Materials/MaterialLayers/T_ML_Aluminum01_N.uasset" 412
"/Users/Sankeeth/Documents/Unreal Projects/TreasureHunter/Content/FPWeapon/Materials/MaterialLayers/T_ML_Aluminum01_N.uexp" 413
"/Users/Sankeeth/Documents/Unreal Projects/TreasureHunter/Content/FPWeapon/Materials/MaterialLayers/T_ML_Aluminum01_N.ubulk" 414
"/Users/Sankeeth/Documents/Unreal Projects/TreasureHunter/Content/FPWeapon/Materials/MaterialLayers/T_ML_Aluminum01.uasset" 415
"/Users/Sankeeth/Documents/Unreal Projects/TreasureHunter/Content/FPWeapon/Materials/MaterialLayers/T_ML_Aluminum01.uexp" 416
"/Users/Sankeeth/Documents/Unreal Projects/TreasureHunter/Content/FPWeapon/Materials/MaterialLayers/T_ML_Aluminum01.ubulk" 417
"/Users/Sankeeth/Documents/Unreal Projects/TreasureHunter/Content/FPWeapon/Materials/MaterialLayers/ML_SoftMetal_UE4.uasset" 418
"/Users/Sankeeth/Documents/Unreal Projects/TreasureHunter/Content/FPWeapon/Materials/MaterialLayers/ML_SoftMetal_UE4.uexp" 419
"/Users/Sankeeth/Documents/Unreal Projects/TreasureHunter/Content/FPWeapon/Materials/MaterialLayers/ML_Screen.uasset" 420
"/Users/Sankeeth/Documents/Unreal Projects/TreasureHunter/Content/FPWeapon/Materials/MaterialLayers/ML_Screen.uexp" 421
"/Users/Sankeeth/Documents/Unreal Projects/TreasureHunter/Content/FPWeapon/Materials/MaterialLayers/ML_Plastic_Shiny_Beige.uasset" 422
"/Users/Sankeeth/Documents/Unreal Projects/TreasureHunter/Content/FPWeapon/Materials/MaterialLayers/ML_Plastic_Shiny_Beige.uexp" 423
"/Users/Sankeeth/Documents/Unreal Projects/TreasureHunter/Content/FPWeapon/Materials/MaterialLayers/ML_GlossyBlack_Latex_UE4.uasset" 424
"/Users/Sankeeth/Documents/Unreal Projects/TreasureHunter/Content/FPWeapon/Materials/MaterialLayers/ML_GlossyBlack_Latex_UE4.uexp" 425
"../../../Engine/Content/Functions/MaterialLayerFunctions/MatLayerBlend_Simple.uasset" 426
"../../../Engine/Content/Functions/MaterialLayerFunctions/MatLayerBlend_Simple.uexp" 427
"../../../Engine/Content/Functions/Engine_MaterialFunctions02/Utility/BlendAngleCorrectedNormals.uasset" 428
"../../../Engine/Content/Functions/Engine_MaterialFunctions02/Utility/BlendAngleCorrectedNormals.uexp" 429
"../../../Engine/Content/Functions/MaterialLayerFunctions/MatLayerBlend_NormalBlend.uasset" 430
"../../../Engine/Content/Functions/MaterialLayerFunctions/MatLayerBlend_NormalBlend.uexp" 431
"/Users/Sankeeth/Documents/Unreal Projects/TreasureHunter/Content/FPWeapon/Textures/T_FPGun_M.uasset" 432
"/Users/Sankeeth/Documents/Unreal Projects/TreasureHunter/Content/FPWeapon/Textures/T_FPGun_M.uexp" 433
"/Users/Sankeeth/Documents/Unreal Projects/TreasureHunter/Content/FPWeapon/Textures/T_FPGun_M.ubulk" 434
"/Users/Sankeeth/Documents/Unreal Projects/TreasureHunter/Content/FPWeapon/Textures/T_FPGun_N.uasset" 435
"/Users/Sankeeth/Documents/Unreal Projects/TreasureHunter/Content/FPWeapon/Textures/T_FPGun_N.uexp" 436
"/Users/Sankeeth/Documents/Unreal Projects/TreasureHunter/Content/FPWeapon/Textures/T_FPGun_N.ubulk" 437
"/Users/Sankeeth/Documents/Unreal Projects/TreasureHunter/Content/FPWeapon/Materials/M_FPGun.uasset" 438
"/Users/Sankeeth/Documents/Unreal Projects/TreasureHunter/Content/FPWeapon/Materials/M_FPGun.uexp" 439
"/Users/Sankeeth/Documents/Unreal Projects/TreasureHunter/Content/FPWeapon/Mesh/SK_FPGun_Skeleton.uasset" 440
"/Users/Sankeeth/Documents/Unreal Projects/TreasureHunter/Content/FPWeapon/Mesh/SK_FPGun_Skeleton.uexp" 441
"/Users/Sankeeth/Documents/Unreal Projects/TreasureHunter/Content/FPWeapon/Mesh/SK_FPGun.uasset" 442
"/Users/Sankeeth/Documents/Unreal Projects/TreasureHunter/Content/FPWeapon/Mesh/SK_FPGun.uexp" 443
"/Users/Sankeeth/Documents/Unreal Projects/TreasureHunter/Content/FirstPersonBP/Assets/9mm-pistol-shoot-short-reverb.uasset" 444
"/Users/Sankeeth/Documents/Unreal Projects/TreasureHunter/Content/FirstPersonBP/Assets/9mm-pistol-shoot-short-reverb.uexp" 445
"/Users/Sankeeth/Documents/Unreal Projects/TreasureHunter/Content/FirstPersonBP/Assets/9mm-pistol-shoot-short-reverb_Cue.uasset" 446
"/Users/Sankeeth/Documents/Unreal Projects/TreasureHunter/Content/FirstPersonBP/Assets/9mm-pistol-shoot-short-reverb_Cue.uexp" 447
"/Users/Sankeeth/Documents/Unreal Projects/TreasureHunter/Content/FirstPerson/Character/Materials/MaterialLayers/T_ML_Aluminum01.uasset" 448
"/Users/Sankeeth/Documents/Unreal Projects/TreasureHunter/Content/FirstPerson/Character/Materials/MaterialLayers/T_ML_Aluminum01.uexp" 449
"/Users/Sankeeth/Documents/Unreal Projects/TreasureHunter/Content/FirstPerson/Character/Materials/MaterialLayers/T_ML_Aluminum01.ubulk" 450
"/Users/Sankeeth/Documents/Unreal Projects/TreasureHunter/Content/FirstPerson/Character/Materials/MaterialLayers/T_ML_Aluminum01_N.uasset" 451
"/Users/Sankeeth/Documents/Unreal Projects/TreasureHunter/Content/FirstPerson/Character/Materials/MaterialLayers/T_ML_Aluminum01_N.uexp" 452
"/Users/Sankeeth/Documents/Unreal Projects/TreasureHunter/Content/FirstPerson/Character/Materials/MaterialLayers/T_ML_Aluminum01_N.ubulk" 453
"/Users/Sankeeth/Documents/Unreal Projects/TreasureHunter/Content/FirstPerson/Character/Materials/MaterialLayers/ML_SoftMetal_UE4.uasset" 454
"/Users/Sankeeth/Documents/Unreal Projects/TreasureHunter/Content/FirstPerson/Character/Materials/MaterialLayers/ML_SoftMetal_UE4.uexp" 455
"/Users/Sankeeth/Documents/Unreal Projects/TreasureHunter/Content/FirstPerson/Character/Textures/UE4_LOGO_CARD.uasset" 456
"/Users/Sankeeth/Documents/Unreal Projects/TreasureHunter/Content/FirstPerson/Character/Textures/UE4_LOGO_CARD.uexp" 457
"/Users/Sankeeth/Documents/Unreal Projects/TreasureHunter/Content/FirstPerson/Character/Textures/UE4_LOGO_CARD.ubulk" 458
"/Users/Sankeeth/Documents/Unreal Projects/TreasureHunter/Content/FirstPerson/Character/Materials/MaterialLayers/ML_Plastic_Shiny_Beige_LOGO.uasset" 459
"/Users/Sankeeth/Documents/Unreal Projects/TreasureHunter/Content/FirstPerson/Character/Materials/MaterialLayers/ML_Plastic_Shiny_Beige_LOGO.uexp" 460
"/Users/Sankeeth/Documents/Unreal Projects/TreasureHunter/Content/FirstPerson/Character/Materials/MaterialLayers/ML_Plastic_Shiny_Beige.uasset" 461
"/Users/Sankeeth/Documents/Unreal Projects/TreasureHunter/Content/FirstPerson/Character/Materials/MaterialLayers/ML_Plastic_Shiny_Beige.uexp" 462
"/Users/Sankeeth/Documents/Unreal Projects/TreasureHunter/Content/FirstPerson/Character/Materials/MaterialLayers/T_ML_Rubber_Blue_01_D.uasset" 463
"/Users/Sankeeth/Documents/Unreal Projects/TreasureHunter/Content/FirstPerson/Character/Materials/MaterialLayers/T_ML_Rubber_Blue_01_D.uexp" 464
"/Users/Sankeeth/Documents/Unreal Projects/TreasureHunter/Content/FirstPerson/Character/Materials/MaterialLayers/T_ML_Rubber_Blue_01_D.ubulk" 465
"/Users/Sankeeth/Documents/Unreal Projects/TreasureHunter/Content/FirstPerson/Character/Materials/MaterialLayers/T_ML_Rubber_Blue_01_N.uasset" 466
"/Users/Sankeeth/Documents/Unreal Projects/TreasureHunter/Content/FirstPerson/Character/Materials/MaterialLayers/T_ML_Rubber_Blue_01_N.uexp" 467
"/Users/Sankeeth/Documents/Unreal Projects/TreasureHunter/Content/FirstPerson/Character/Materials/MaterialLayers/T_ML_Rubber_Blue_01_N.ubulk" 468
"/Users/Sankeeth/Documents/Unreal Projects/TreasureHunter/Content/FirstPerson/Character/Materials/MaterialLayers/ML_GlossyBlack_Latex_UE4.uasset" 469
"/Users/Sankeeth/Documents/Unreal Projects/TreasureHunter/Content/FirstPerson/Character/Materials/MaterialLayers/ML_GlossyBlack_Latex_UE4.uexp" 470
"/Users/Sankeeth/Documents/Unreal Projects/TreasureHunter/Content/FirstPerson/Character/Textures/UE4_Mannequin__normals.uasset" 471
"/Users/Sankeeth/Documents/Unreal Projects/TreasureHunter/Content/FirstPerson/Character/Textures/UE4_Mannequin__normals.uexp" 472
"/Users/Sankeeth/Documents/Unreal Projects/TreasureHunter/Content/FirstPerson/Character/Textures/UE4_Mannequin__normals.ubulk" 473
"/Users/Sankeeth/Documents/Unreal Projects/TreasureHunter/Content/FirstPerson/Character/Textures/UE4_Mannequin_MAT_MASKA.uasset" 474
"/Users/Sankeeth/Documents/Unreal Projects/TreasureHunter/Content/FirstPerson/Character/Textures/UE4_Mannequin_MAT_MASKA.uexp" 475
"/Users/Sankeeth/Documents/Unreal Projects/TreasureHunter/Content/FirstPerson/Character/Textures/UE4_Mannequin_MAT_MASKA.ubulk" 476
"/Users/Sankeeth/Documents/Unreal Projects/TreasureHunter/Content/FirstPerson/Character/Materials/M_UE4Man_Body.uasset" 477
"/Users/Sankeeth/Documents/Unreal Projects/TreasureHunter/Content/FirstPerson/Character/Materials/M_UE4Man_Body.uexp" 478
"/Users/Sankeeth/Documents/Unreal Projects/TreasureHunter/Content/FirstPerson/Character/Mesh/SK_Mannequin_Arms_Skeleton.uasset" 479
"/Users/Sankeeth/Documents/Unreal Projects/TreasureHunter/Content/FirstPerson/Character/Mesh/SK_Mannequin_Arms_Skeleton.uexp" 480
"/Users/Sankeeth/Documents/Unreal Projects/TreasureHunter/Content/FirstPerson/Character/Mesh/SK_Mannequin_Arms_PhysicsAsset.uasset" 481
"/Users/Sankeeth/Documents/Unreal Projects/TreasureHunter/Content/FirstPerson/Character/Mesh/SK_Mannequin_Arms_PhysicsAsset.uexp" 482
"/Users/Sankeeth/Documents/Unreal Projects/TreasureHunter/Content/FirstPerson/Character/Mesh/SK_Mannequin_Arms.uasset" 483
"/Users/Sankeeth/Documents/Unreal Projects/TreasureHunter/Content/FirstPerson/Character/Mesh/SK_Mannequin_Arms.uexp" 484
"../../../Engine/Content/EditorBlueprintResources/StandardMacros.uasset" 485
"../../../Engine/Content/EditorBlueprintResources/StandardMacros.uexp" 486
"/Users/Sankeeth/Documents/Unreal Projects/TreasureHunter/Content/FirstPerson/Meshes/BaseMaterial.uasset" 487
"/Users/Sankeeth/Documents/Unreal Projects/TreasureHunter/Content/FirstPerson/Meshes/BaseMaterial.uexp" 488
"/Users/Sankeeth/Documents/Unreal Projects/TreasureHunter/Content/FirstPerson/Meshes/FirstPersonProjectileMaterial.uasset" 489
"/Users/Sankeeth/Documents/Unreal Projects/TreasureHunter/Content/FirstPerson/Meshes/FirstPersonProjectileMaterial.uexp" 490
"/Users/Sankeeth/Documents/Unreal Projects/TreasureHunter/Content/FirstPerson/Meshes/FirstPersonProjectileMesh.uasset" 491
"/Users/Sankeeth/Documents/Unreal Projects/TreasureHunter/Content/FirstPerson/Meshes/FirstPersonProjectileMesh.uexp" 492
"/Users/Sankeeth/Documents/Unreal Projects/TreasureHunter/Content/FirstPersonBP/Blueprints/FirstPersonProjectile.uasset" 493
"/Users/Sankeeth/Documents/Unreal Projects/TreasureHunter/Content/FirstPersonBP/Blueprints/FirstPersonProjectile.uexp" 494
"/Users/Sankeeth/Documents/Unreal Projects/TreasureHunter/Content/FirstPerson/Animations/FirstPerson_Idle.uasset" 495
"/Users/Sankeeth/Documents/Unreal Projects/TreasureHunter/Content/FirstPerson/Animations/FirstPerson_Idle.uexp" 496
"/Users/Sankeeth/Documents/Unreal Projects/TreasureHunter/Content/FirstPerson/Animations/FirstPerson_JumpLoop.uasset" 497
"/Users/Sankeeth/Documents/Unreal Projects/TreasureHunter/Content/FirstPerson/Animations/FirstPerson_JumpLoop.uexp" 498
"/Users/Sankeeth/Documents/Unreal Projects/TreasureHunter/Content/FirstPerson/Animations/FirstPerson_Run.uasset" 499
"/Users/Sankeeth/Documents/Unreal Projects/TreasureHunter/Content/FirstPerson/Animations/FirstPerson_Run.uexp" 500
"/Users/Sankeeth/Documents/Unreal Projects/TreasureHunter/Content/FirstPerson/Animations/FirstPerson_JumpEnd.uasset" 501
"/Users/Sankeeth/Documents/Unreal Projects/TreasureHunter/Content/FirstPerson/Animations/FirstPerson_JumpEnd.uexp" 502
"/Users/Sankeeth/Documents/Unreal Projects/TreasureHunter/Content/FirstPerson/Animations/FirstPerson_JumpStart.uasset" 503
"/Users/Sankeeth/Documents/Unreal Projects/TreasureHunter/Content/FirstPerson/Animations/FirstPerson_JumpStart.uexp" 504
"/Users/Sankeeth/Documents/Unreal Projects/TreasureHunter/Content/FirstPerson/Animations/FirstPerson_AnimBP.uasset" 505
"/Users/Sankeeth/Documents/Unreal Projects/TreasureHunter/Content/FirstPerson/Animations/FirstPerson_AnimBP.uexp" 506
"/Users/Sankeeth/Documents/Unreal Projects/TreasureHunter/Content/FirstPerson/Animations/FirstPerson_Fire.uasset" 507
"/Users/Sankeeth/Documents/Unreal Projects/TreasureHunter/Content/FirstPerson/Animations/FirstPerson_Fire.uexp" 508
"/Users/Sankeeth/Documents/Unreal Projects/TreasureHunter/Content/FirstPerson/Animations/FirstPersonFire_Montage.uasset" 509
"/Users/Sankeeth/Documents/Unreal Projects/TreasureHunter/Content/FirstPerson/Animations/FirstPersonFire_Montage.uexp" 510
"/Users/Sankeeth/Documents/Unreal Projects/TreasureHunter/Content/FirstPersonBP/Blueprints/FirstPersonCharacter.uasset" 511
"/Users/Sankeeth/Documents/Unreal Projects/TreasureHunter/Content/FirstPersonBP/Blueprints/FirstPersonCharacter.uexp" 512
"/Users/Sankeeth/Documents/Unreal Projects/TreasureHunter/Content/FirstPersonBP/Assets/short-success-sound.uasset" 513
"/Users/Sankeeth/Documents/Unreal Projects/TreasureHunter/Content/FirstPersonBP/Assets/short-success-sound.uexp" 514
"/Users/Sankeeth/Documents/Unreal Projects/TreasureHunter/Content/FirstPersonBP/Assets/short-success-sound_Cue.uasset" 515
"/Users/Sankeeth/Documents/Unreal Projects/TreasureHunter/Content/FirstPersonBP/Assets/short-success-sound_Cue.uexp" 516
"/Users/Sankeeth/Documents/Unreal Projects/TreasureHunter/Content/StarterContent/Materials/M_Basic_Wall.uasset" 517
"/Users/Sankeeth/Documents/Unreal Projects/TreasureHunter/Content/StarterContent/Materials/M_Basic_Wall.uexp" 518
"/Users/Sankeeth/Documents/Unreal Projects/TreasureHunter/Content/StarterContent/Shapes/Shape_Cylinder.uasset" 519
"/Users/Sankeeth/Documents/Unreal Projects/TreasureHunter/Content/StarterContent/Shapes/Shape_Cylinder.uexp" 520
"/Users/Sankeeth/Documents/Unreal Projects/TreasureHunter/Content/StarterContent/Textures/T_Metal_Gold_N.uasset" 521
"/Users/Sankeeth/Documents/Unreal Projects/TreasureHunter/Content/StarterContent/Textures/T_Metal_Gold_N.uexp" 522
"/Users/Sankeeth/Documents/Unreal Projects/TreasureHunter/Content/StarterContent/Textures/T_Metal_Gold_N.ubulk" 523
"/Users/Sankeeth/Documents/Unreal Projects/TreasureHunter/Content/StarterContent/Textures/T_Metal_Gold_D.uasset" 524
"/Users/Sankeeth/Documents/Unreal Projects/TreasureHunter/Content/StarterContent/Textures/T_Metal_Gold_D.uexp" 525
"/Users/Sankeeth/Documents/Unreal Projects/TreasureHunter/Content/StarterContent/Textures/T_Metal_Gold_D.ubulk" 526
"/Users/Sankeeth/Documents/Unreal Projects/TreasureHunter/Content/StarterContent/Textures/T_MacroVariation.uasset" 527
"/Users/Sankeeth/Documents/Unreal Projects/TreasureHunter/Content/StarterContent/Textures/T_MacroVariation.uexp" 528
"/Users/Sankeeth/Documents/Unreal Projects/TreasureHunter/Content/StarterContent/Materials/M_Metal_Gold.uasset" 529
"/Users/Sankeeth/Documents/Unreal Projects/TreasureHunter/Content/StarterContent/Materials/M_Metal_Gold.uexp" 530
"/Users/Sankeeth/Documents/Unreal Projects/TreasureHunter/Content/FirstPersonBP/Blueprints/Treasure.uasset" 531
"/Users/Sankeeth/Documents/Unreal Projects/TreasureHunter/Content/FirstPersonBP/Blueprints/Treasure.uexp" 532
"/Users/Sankeeth/Documents/Unreal Projects/TreasureHunter/Content/FirstPerson/Textures/FirstPersonCrosshair.uasset" 533
"/Users/Sankeeth/Documents/Unreal Projects/TreasureHunter/Content/FirstPerson/Textures/FirstPersonCrosshair.uexp" 534
"/Users/Sankeeth/Documents/Unreal Projects/TreasureHunter/Content/FirstPersonBP/PauseMenu/PauseMenuWidget.uasset" 535
"/Users/Sankeeth/Documents/Unreal Projects/TreasureHunter/Content/FirstPersonBP/PauseMenu/PauseMenuWidget.uexp" 536
"/Users/Sankeeth/Documents/Unreal Projects/TreasureHunter/Content/FirstPersonBP/Assets/GCLogoFull.uasset" 537
"/Users/Sankeeth/Documents/Unreal Projects/TreasureHunter/Content/FirstPersonBP/Assets/GCLogoFull.uexp" 538
"/Users/Sankeeth/Documents/Unreal Projects/TreasureHunter/Content/FirstPersonBP/HUDView.uasset" 539
"/Users/Sankeeth/Documents/Unreal Projects/TreasureHunter/Content/FirstPersonBP/HUDView.uexp" 540
"/Users/Sankeeth/Documents/Unreal Projects/TreasureHunter/Content/FirstPersonBP/Blueprints/FirstPersonHUD.uasset" 541
"/Users/Sankeeth/Documents/Unreal Projects/TreasureHunter/Content/FirstPersonBP/Blueprints/FirstPersonHUD.uexp" 542
"/Users/Sankeeth/Documents/Unreal Projects/TreasureHunter/Content/FirstPersonBP/Blueprints/FirstPersonGameMode.uasset" 543
"/Users/Sankeeth/Documents/Unreal Projects/TreasureHunter/Content/FirstPersonBP/Blueprints/FirstPersonGameMode.uexp" 544
"../../../Engine/Content/EngineSky/T_Sky_Stars.uasset" 545
"../../../Engine/Content/EngineSky/T_Sky_Stars.uexp" 546
"../../../Engine/Content/EngineSky/T_Sky_Stars.ubulk" 547
"../../../Engine/Content/EngineSky/T_Sky_Clouds_M.uasset" 548
"../../../Engine/Content/EngineSky/T_Sky_Clouds_M.uexp" 549
"../../../Engine/Content/EngineSky/T_Sky_Clouds_M.ubulk" 550
"../../../Engine/Content/EngineSky/T_Sky_Blue.uasset" 551
"../../../Engine/Content/EngineSky/T_Sky_Blue.uexp" 552
"../../../Engine/Content/EngineSky/T_Sky_Blue.ubulk" 553
"../../../Engine/Content/EngineSky/M_Sky_Panning_Clouds2.uasset" 554
"../../../Engine/Content/EngineSky/M_Sky_Panning_Clouds2.uexp" 555
"../../../Engine/Content/EngineSky/SM_SkySphere.uasset" 556
"../../../Engine/Content/EngineSky/SM_SkySphere.uexp" 557
"../../../Engine/Content/EngineSky/C_Sky_Zenith_Color.uasset" 558
"../../../Engine/Content/EngineSky/C_Sky_Zenith_Color.uexp" 559
"../../../Engine/Content/EngineSky/C_Sky_Horizon_Color.uasset" 560
"../../../Engine/Content/EngineSky/C_Sky_Horizon_Color.uexp" 561
"../../../Engine/Content/EngineSky/C_Sky_Cloud_Color.uasset" 562
"../../../Engine/Content/EngineSky/C_Sky_Cloud_Color.uexp" 563
"../../../Engine/Content/EngineSky/BP_Sky_Sphere.uasset" 564
"../../../Engine/Content/EngineSky/BP_Sky_Sphere.uexp" 565
"../../../Engine/Content/Animation/DefaultAnimCurveCompressionSettings.uasset" 566
"../../../Engine/Content/Animation/DefaultAnimCurveCompressionSettings.uexp" 567
"../../../Engine/Content/Animation/DefaultAnimBoneCompressionSettings.uasset" 568
"../../../Engine/Content/Animation/DefaultAnimBoneCompressionSettings.uexp" 569
"/Users/Sankeeth/Documents/Unreal Projects/TreasureHunter/Content/FirstPersonBP/Assets/Erika_Archer_Skeleton.uasset" 570
"/Users/Sankeeth/Documents/Unreal Projects/TreasureHunter/Content/FirstPersonBP/Assets/Erika_Archer_Skeleton.uexp" 571
"/Users/Sankeeth/Documents/Unreal Projects/TreasureHunter/Content/FirstPersonBP/Assets/Capoeira.uasset" 572
"/Users/Sankeeth/Documents/Unreal Projects/TreasureHunter/Content/FirstPersonBP/Assets/Capoeira.uexp" 573
"/Users/Sankeeth/Documents/Unreal Projects/TreasureHunter/Content/FirstPersonBP/Maps/LevelOne_BuiltData.uasset" 574
"/Users/Sankeeth/Documents/Unreal Projects/TreasureHunter/Content/FirstPersonBP/Maps/LevelOne_BuiltData.uexp" 575
"/Users/Sankeeth/Documents/Unreal Projects/TreasureHunter/Content/FirstPersonBP/Maps/LevelOne_BuiltData.ubulk" 576
"../../../Engine/Content/Functions/Engine_MaterialFunctions03/Procedurals/ComputeFilterWidth.uasset" 577
"../../../Engine/Content/Functions/Engine_MaterialFunctions03/Procedurals/ComputeFilterWidth.uexp" 578
"../../../Engine/Content/EngineMaterials/AntiAliasedTextMaterialTranslucent.uasset" 579
"../../../Engine/Content/EngineMaterials/AntiAliasedTextMaterialTranslucent.uexp" 580
"/Users/Sankeeth/Documents/Unreal Projects/TreasureHunter/Content/FirstPersonBP/Assets/MySelf.uasset" 581
"/Users/Sankeeth/Documents/Unreal Projects/TreasureHunter/Content/FirstPersonBP/Assets/MySelf.uexp" 582
"/Users/Sankeeth/Documents/Unreal Projects/TreasureHunter/Content/FirstPersonBP/Assets/MySelf_Mat.uasset" 583
"/Users/Sankeeth/Documents/Unreal Projects/TreasureHunter/Content/FirstPersonBP/Assets/MySelf_Mat.uexp" 584
"/Users/Sankeeth/Documents/Unreal Projects/TreasureHunter/Content/FirstPersonBP/Assets/Car_Base_Color.uasset" 585
"/Users/Sankeeth/Documents/Unreal Projects/TreasureHunter/Content/FirstPersonBP/Assets/Car_Base_Color.uexp" 586
"/Users/Sankeeth/Documents/Unreal Projects/TreasureHunter/Content/FirstPersonBP/Assets/Car_Base_Color.ubulk" 587
"/Users/Sankeeth/Documents/Unreal Projects/TreasureHunter/Content/FirstPersonBP/Assets/Car.uasset" 588
"/Users/Sankeeth/Documents/Unreal Projects/TreasureHunter/Content/FirstPersonBP/Assets/Car.uexp" 589
"/Users/Sankeeth/Documents/Unreal Projects/TreasureHunter/Content/FirstPersonBP/Assets/A_Land_Explorer_Car.uasset" 590
"/Users/Sankeeth/Documents/Unreal Projects/TreasureHunter/Content/FirstPersonBP/Assets/A_Land_Explorer_Car.uexp" 591
"/Users/Sankeeth/Documents/Unreal Projects/TreasureHunter/Content/FirstPersonBP/Assets/dead-by-daylight.uasset" 592
"/Users/Sankeeth/Documents/Unreal Projects/TreasureHunter/Content/FirstPersonBP/Assets/dead-by-daylight.uexp" 593
"/Users/Sankeeth/Documents/Unreal Projects/TreasureHunter/Content/FirstPersonBP/Assets/dead-by-daylight_Cue.uasset" 594
"/Users/Sankeeth/Documents/Unreal Projects/TreasureHunter/Content/FirstPersonBP/Assets/dead-by-daylight_Cue.uexp" 595
"/Users/Sankeeth/Documents/Unreal Projects/TreasureHunter/Content/FirstPersonBP/Assets/FemaleFitA_Body_diffuse_ncl1_1.uasset" 596
"/Users/Sankeeth/Documents/Unreal Projects/TreasureHunter/Content/FirstPersonBP/Assets/FemaleFitA_Body_diffuse_ncl1_1.uexp" 597
"/Users/Sankeeth/Documents/Unreal Projects/TreasureHunter/Content/FirstPersonBP/Assets/FemaleFitA_Body_diffuse_ncl1_1.ubulk" 598
"/Users/Sankeeth/Documents/Unreal Projects/TreasureHunter/Content/FirstPersonBP/Assets/FemaleFitA_StdNM.uasset" 599
"/Users/Sankeeth/Documents/Unreal Projects/TreasureHunter/Content/FirstPersonBP/Assets/FemaleFitA_StdNM.uexp" 600
"/Users/Sankeeth/Documents/Unreal Projects/TreasureHunter/Content/FirstPersonBP/Assets/FemaleFitA_StdNM.ubulk" 601
"/Users/Sankeeth/Documents/Unreal Projects/TreasureHunter/Content/FirstPersonBP/Assets/Body_MAT.uasset" 602
"/Users/Sankeeth/Documents/Unreal Projects/TreasureHunter/Content/FirstPersonBP/Assets/Body_MAT.uexp" 603
"/Users/Sankeeth/Documents/Unreal Projects/TreasureHunter/Content/FirstPersonBP/Assets/Akai_MAT.uasset" 604
"/Users/Sankeeth/Documents/Unreal Projects/TreasureHunter/Content/FirstPersonBP/Assets/Akai_MAT.uexp" 605
"/Users/Sankeeth/Documents/Unreal Projects/TreasureHunter/Content/FirstPersonBP/Assets/FemaleFitA_Body_diffuse.uasset" 606
"/Users/Sankeeth/Documents/Unreal Projects/TreasureHunter/Content/FirstPersonBP/Assets/FemaleFitA_Body_diffuse.uexp" 607
"/Users/Sankeeth/Documents/Unreal Projects/TreasureHunter/Content/FirstPersonBP/Assets/FemaleFitA_Body_diffuse.ubulk" 608
"/Users/Sankeeth/Documents/Unreal Projects/TreasureHunter/Content/FirstPersonBP/Assets/EyeSpec_MAT.uasset" 609
"/Users/Sankeeth/Documents/Unreal Projects/TreasureHunter/Content/FirstPersonBP/Assets/EyeSpec_MAT.uexp" 610
"/Users/Sankeeth/Documents/Unreal Projects/TreasureHunter/Content/FirstPersonBP/Assets/FemaleFitA_eyelash_diffuse.uasset" 611
"/Users/Sankeeth/Documents/Unreal Projects/TreasureHunter/Content/FirstPersonBP/Assets/FemaleFitA_eyelash_diffuse.uexp" 612
"/Users/Sankeeth/Documents/Unreal Projects/TreasureHunter/Content/FirstPersonBP/Assets/FemaleFitA_eyelash_diffuse.ubulk" 613
"/Users/Sankeeth/Documents/Unreal Projects/TreasureHunter/Content/FirstPersonBP/Assets/eyelash_MAT.uasset" 614
"/Users/Sankeeth/Documents/Unreal Projects/TreasureHunter/Content/FirstPersonBP/Assets/eyelash_MAT.uexp" 615
"/Users/Sankeeth/Documents/Unreal Projects/TreasureHunter/Content/FirstPersonBP/Assets/Erika_Archer_PhysicsAsset.uasset" 616
"/Users/Sankeeth/Documents/Unreal Projects/TreasureHunter/Content/FirstPersonBP/Assets/Erika_Archer_PhysicsAsset.uexp" 617
"/Users/Sankeeth/Documents/Unreal Projects/TreasureHunter/Content/FirstPersonBP/Assets/Erika_Archer.uasset" 618
"/Users/Sankeeth/Documents/Unreal Projects/TreasureHunter/Content/FirstPersonBP/Assets/Erika_Archer.uexp" 619
"/Users/Sankeeth/Documents/Unreal Projects/TreasureHunter/Content/FirstPersonBP/Assets/guardian_crimson_PhysicsAsset.uasset" 620
"/Users/Sankeeth/Documents/Unreal Projects/TreasureHunter/Content/FirstPersonBP/Assets/guardian_crimson_PhysicsAsset.uexp" 621
"/Users/Sankeeth/Documents/Unreal Projects/TreasureHunter/Content/FirstPersonBP/Assets/tines.uasset" 622
"/Users/Sankeeth/Documents/Unreal Projects/TreasureHunter/Content/FirstPersonBP/Assets/tines.uexp" 623
"/Users/Sankeeth/Documents/Unreal Projects/TreasureHunter/Content/FirstPersonBP/Assets/throatandtongue.uasset" 624
"/Users/Sankeeth/Documents/Unreal Projects/TreasureHunter/Content/FirstPersonBP/Assets/throatandtongue.uexp" 625
"/Users/Sankeeth/Documents/Unreal Projects/TreasureHunter/Content/FirstPersonBP/Assets/body.uasset" 626
"/Users/Sankeeth/Documents/Unreal Projects/TreasureHunter/Content/FirstPersonBP/Assets/body.uexp" 627
"/Users/Sankeeth/Documents/Unreal Projects/TreasureHunter/Content/FirstPersonBP/Assets/guardian_sword_PhysicsAsset.uasset" 628
"/Users/Sankeeth/Documents/Unreal Projects/TreasureHunter/Content/FirstPersonBP/Assets/guardian_sword_PhysicsAsset.uexp" 629
"/Users/Sankeeth/Documents/Unreal Projects/TreasureHunter/Content/FirstPersonBP/Assets/sword.uasset" 630
"/Users/Sankeeth/Documents/Unreal Projects/TreasureHunter/Content/FirstPersonBP/Assets/sword.uexp" 631
"/Users/Sankeeth/Documents/Unreal Projects/TreasureHunter/Content/FirstPersonBP/Assets/helmet.uasset" 632
"/Users/Sankeeth/Documents/Unreal Projects/TreasureHunter/Content/FirstPersonBP/Assets/helmet.uexp" 633
"/Users/Sankeeth/Documents/Unreal Projects/TreasureHunter/Content/FirstPersonBP/Assets/guardian.uasset" 634
"/Users/Sankeeth/Documents/Unreal Projects/TreasureHunter/Content/FirstPersonBP/Assets/guardian.uexp" 635
"/Users/Sankeeth/Documents/Unreal Projects/TreasureHunter/Content/FirstPersonBP/Assets/robot-texture.uasset" 636
"/Users/Sankeeth/Documents/Unreal Projects/TreasureHunter/Content/FirstPersonBP/Assets/robot-texture.uexp" 637
"/Users/Sankeeth/Documents/Unreal Projects/TreasureHunter/Content/FirstPersonBP/Assets/robot-texture.ubulk" 638
"/Users/Sankeeth/Documents/Unreal Projects/TreasureHunter/Content/FirstPersonBP/Assets/metalic-texture.uasset" 639
"/Users/Sankeeth/Documents/Unreal Projects/TreasureHunter/Content/FirstPersonBP/Assets/metalic-texture.uexp" 640
"/Users/Sankeeth/Documents/Unreal Projects/TreasureHunter/Content/FirstPersonBP/Assets/metalic-texture.ubulk" 641
"/Users/Sankeeth/Documents/Unreal Projects/TreasureHunter/Content/FirstPersonBP/Assets/mat3.uasset" 642
"/Users/Sankeeth/Documents/Unreal Projects/TreasureHunter/Content/FirstPersonBP/Assets/mat3.uexp" 643
"/Users/Sankeeth/Documents/Unreal Projects/TreasureHunter/Content/FirstPersonBP/Assets/mat1.uasset" 644
"/Users/Sankeeth/Documents/Unreal Projects/TreasureHunter/Content/FirstPersonBP/Assets/mat1.uexp" 645
"/Users/Sankeeth/Documents/Unreal Projects/TreasureHunter/Content/FirstPersonBP/Assets/mat0.uasset" 646
"/Users/Sankeeth/Documents/Unreal Projects/TreasureHunter/Content/FirstPersonBP/Assets/mat0.uexp" 647
"/Users/Sankeeth/Documents/Unreal Projects/TreasureHunter/Content/FirstPersonBP/Assets/mat2.uasset" 648
"/Users/Sankeeth/Documents/Unreal Projects/TreasureHunter/Content/FirstPersonBP/Assets/mat2.uexp" 649
"/Users/Sankeeth/Documents/Unreal Projects/TreasureHunter/Content/FirstPersonBP/Assets/Robot.uasset" 650
"/Users/Sankeeth/Documents/Unreal Projects/TreasureHunter/Content/FirstPersonBP/Assets/Robot.uexp" 651
"/Users/Sankeeth/Documents/Unreal Projects/TreasureHunter/Content/FirstPersonBP/Assets/Neon_Green.uasset" 652
"/Users/Sankeeth/Documents/Unreal Projects/TreasureHunter/Content/FirstPersonBP/Assets/Neon_Green.uexp" 653
"/Users/Sankeeth/Documents/Unreal Projects/TreasureHunter/Content/FirstPersonBP/Assets/Sankeeth.uasset" 654
"/Users/Sankeeth/Documents/Unreal Projects/TreasureHunter/Content/FirstPersonBP/Assets/Sankeeth.uexp" 655
"/Users/Sankeeth/Documents/Unreal Projects/TreasureHunter/Content/Geometry/Meshes/CubeMaterial.uasset" 656
"/Users/Sankeeth/Documents/Unreal Projects/TreasureHunter/Content/Geometry/Meshes/CubeMaterial.uexp" 657
"/Users/Sankeeth/Documents/Unreal Projects/TreasureHunter/Content/Geometry/Meshes/1M_Cube.uasset" 658
"/Users/Sankeeth/Documents/Unreal Projects/TreasureHunter/Content/Geometry/Meshes/1M_Cube.uexp" 659
"/Users/Sankeeth/Documents/Unreal Projects/TreasureHunter/Content/FirstPerson/Meshes/CubeMaterialOverride.uasset" 660
"/Users/Sankeeth/Documents/Unreal Projects/TreasureHunter/Content/FirstPerson/Meshes/CubeMaterialOverride.uexp" 661
"/Users/Sankeeth/Documents/Unreal Projects/TreasureHunter/Content/FirstPersonBP/Assets/NeonSign.uasset" 662
"/Users/Sankeeth/Documents/Unreal Projects/TreasureHunter/Content/FirstPersonBP/Assets/NeonSign.uexp" 663
"/Users/Sankeeth/Documents/Unreal Projects/TreasureHunter/Content/FirstPersonBP/Maps/LevelOne.uexp" 664
"/Users/Sankeeth/Documents/Unreal Projects/TreasureHunter/Content/FirstPersonBP/Maps/LevelOne.umap" 665
"../../../Engine/Content/Maps/Entry_BuiltData.uasset" 666
"../../../Engine/Content/Maps/Entry_BuiltData.uexp" 667
"../../../Engine/Content/Maps/Entry.uexp" 668
"../../../Engine/Content/Maps/Entry.umap" 669
